Compiling the C compiler identification source file "CMakeCCompilerId.c" failed.
Compiler: /Library/Developer/CommandLineTools/usr/bin/cc 
Build flags: 
Id flags:  

The output was:
1
ld: library not found for -lSystem
clang: error: linker command failed with exit code 1 (use -v to see invocation)


Compiling the CXX compiler identification source file "CMakeCXXCompilerId.cpp" failed.
Compiler: /Library/Developer/CommandLineTools/usr/bin/c++ 
Build flags: 
Id flags:  

The output was:
1
ld: library not found for -lc++
clang: error: linker command failed with exit code 1 (use -v to see invocation)


Determining if the function cblas_ddot exists failed with the following output:
Change Dir: /Users/chen/Desktop/Image-Understanding/420 final project/dlib/dlib-19.24/build/temp.macosx-11-x86_64-3.9/CMakeFiles/CMakeTmp

Run Build Command(s):/usr/bin/make -f Makefile cmTC_f87ee/fast && /Library/Developer/CommandLineTools/usr/bin/make  -f CMakeFiles/cmTC_f87ee.dir/build.make CMakeFiles/cmTC_f87ee.dir/build
Building C object CMakeFiles/cmTC_f87ee.dir/CheckFunctionExists.c.o
/Library/Developer/CommandLineTools/usr/bin/cc   -DCHECK_FUNCTION_EXISTS=cblas_ddot -isysroot /Library/Developer/CommandLineTools/SDKs/MacOSX13.3.sdk -mmacosx-version-min=13.0 -fPIE -MD -MT CMakeFiles/cmTC_f87ee.dir/CheckFunctionExists.c.o -MF CMakeFiles/cmTC_f87ee.dir/CheckFunctionExists.c.o.d -o CMakeFiles/cmTC_f87ee.dir/CheckFunctionExists.c.o -c /usr/local/Cellar/cmake/3.21.2/share/cmake/Modules/CheckFunctionExists.c
Linking C executable cmTC_f87ee
/usr/local/Cellar/cmake/3.21.2/bin/cmake -E cmake_link_script CMakeFiles/cmTC_f87ee.dir/link.txt --verbose=1
/Library/Developer/CommandLineTools/usr/bin/cc  -DCHECK_FUNCTION_EXISTS=cblas_ddot -isysroot /Library/Developer/CommandLineTools/SDKs/MacOSX13.3.sdk -mmacosx-version-min=13.0 -Wl,-search_paths_first -Wl,-headerpad_max_install_names CMakeFiles/cmTC_f87ee.dir/CheckFunctionExists.c.o -o cmTC_f87ee 
Undefined symbols for architecture x86_64:
  "_cblas_ddot", referenced from:
      _main in CheckFunctionExists.c.o
ld: symbol(s) not found for architecture x86_64
clang: error: linker command failed with exit code 1 (use -v to see invocation)
make[1]: *** [cmTC_f87ee] Error 1
make: *** [cmTC_f87ee/fast] Error 2



